GROUP,PACKAGE,CLASS,INSTRUCTION_MISSED,INSTRUCTION_COVERED,BRANCH_MISSED,BRANCH_COVERED,LINE_MISSED,LINE_COVERED,COMPLEXITY_MISSED,COMPLEXITY_COVERED,METHOD_MISSED,METHOD_COVERED
api,mancala,App,56,0,0,0,19,0,5,0,5,0
api,mancala.api,StartMancala,0,42,0,0,0,10,0,2,0,2
api,mancala.api,pitPlay,40,0,0,0,8,0,2,0,2,0
api,mancala.api.models,GameStatus,23,25,5,1,5,8,3,3,0,3
api,mancala.api.models,Pit,0,15,0,0,0,6,0,3,0,3
api,mancala.api.models,pitIndex,10,0,0,0,4,0,3,0,3,0
api,mancala.api.models,PlayerInput,0,17,0,0,0,7,0,5,0,5
api,mancala.api.models,Player,6,64,0,8,2,12,2,7,2,3
api,mancala.api.models,Mancala,0,41,0,0,0,8,0,3,0,3
